<?xml version="1.0" encoding="UTF-8" ?>
<testsuite tests="1" failures="0" name="com.revature.AppTest" time="0.004" errors="0" skipped="0">
  <properties>
    <property name="java.runtime.name" value="OpenJDK Runtime Environment"/>
    <property name="sun.boot.library.path" value="C:\Users\KevinTranHuu\scoop\apps\ojdkbuild8-full\current\jre\bin"/>
    <property name="java.vm.version" value="25.282-b08"/>
    <property name="java.vm.vendor" value="ojdkbuild"/>
    <property name="maven.multiModuleProjectDirectory" value="C:/Users/KevinTranHuu/Documents/041921-Java/notes/week1/FirstMavenProject"/>
    <property name="java.vendor.url" value="https://github.com/ojdkbuild"/>
    <property name="path.separator" value=";"/>
    <property name="guice.disable.misplaced.annotation.check" value="true"/>
    <property name="java.vm.name" value="OpenJDK 64-Bit Server VM"/>
    <property name="file.encoding.pkg" value="sun.io"/>
    <property name="user.script" value=""/>
    <property name="user.country" value="US"/>
    <property name="sun.java.launcher" value="SUN_STANDARD"/>
    <property name="sun.os.patch.level" value=""/>
    <property name="java.vm.specification.name" value="Java Virtual Machine Specification"/>
    <property name="user.dir" value="C:\Users\KevinTranHuu\Documents\041921-Java\notes\week1\FirstMavenProject"/>
    <property name="java.runtime.version" value="1.8.0_282-b08"/>
    <property name="java.awt.graphicsenv" value="sun.awt.Win32GraphicsEnvironment"/>
    <property name="java.endorsed.dirs" value="C:\Users\KevinTranHuu\scoop\apps\ojdkbuild8-full\current\jre\lib\endorsed"/>
    <property name="os.arch" value="amd64"/>
    <property name="java.io.tmpdir" value="C:\Users\KEVINT~1\AppData\Local\Temp\"/>
    <property name="line.separator" value="
"/>
    <property name="java.vm.specification.vendor" value="Oracle Corporation"/>
    <property name="user.variant" value=""/>
    <property name="os.name" value="Windows 10"/>
    <property name="classworlds.conf" value="C:/Users/KevinTranHuu/scoop/apps/maven/current/bin/m2.conf"/>
    <property name="sun.jnu.encoding" value="Cp1252"/>
    <property name="java.library.path" value="C:\Users\KevinTranHuu\scoop\apps\ojdkbuild8-full\current\bin;C:\WINDOWS\Sun\Java\bin;C:\WINDOWS\system32;C:\WINDOWS;C:\Users\KevinTranHuu\scoop\apps\git\2.31.1.windows.1\mingw64\bin;C:\Users\KevinTranHuu\scoop\apps\git\2.31.1.windows.1\usr\bin;C:\Users\KevinTranHuu\bin;C:\Users\KevinTranHuu\scoop\apps\ojdkbuild8-full\current\bin;C:\Python39\Scripts;C:\Python39;C:\Program Files (x86)\Common Files\Oracle\Java\javapath;C:\WINDOWS\system32;C:\WINDOWS;C:\WINDOWS\System32\Wbem;C:\WINDOWS\System32\WindowsPowerShell\v1.0;C:\WINDOWS\System32\OpenSSH;C:\Program Files\nodejs;C:\ProgramData\chocolatey\bin;C:\Users\KevinTranHuu\scoop\apps\maven\current\bin;C:\Users\KevinTranHuu\scoop\apps\ojdkbuild8-full\current\bin;C:\Users\KevinTranHuu\scoop\shims;C:\Users\KevinTranHuu\AppData\Local\Microsoft\WindowsApps;C:\Users\KevinTranHuu\AppData\Roaming\npm;."/>
    <property name="maven.conf" value="C:/Users/KevinTranHuu/scoop/apps/maven/current/conf"/>
    <property name="java.specification.name" value="Java Platform API Specification"/>
    <property name="java.class.version" value="52.0"/>
    <property name="sun.management.compiler" value="HotSpot 64-Bit Tiered Compilers"/>
    <property name="os.version" value="10.0"/>
    <property name="library.jansi.path" value="C:/Users/KevinTranHuu/scoop/apps/maven/current/lib/jansi-native"/>
    <property name="user.home" value="C:\Users\KevinTranHuu"/>
    <property name="user.timezone" value="America/Chicago"/>
    <property name="java.awt.printerjob" value="sun.awt.windows.WPrinterJob"/>
    <property name="java.specification.version" value="1.8"/>
    <property name="file.encoding" value="Cp1252"/>
    <property name="user.name" value="KevinTranHuu"/>
    <property name="java.class.path" value="C:/Users/KevinTranHuu/scoop/apps/maven/current/boot/plexus-classworlds-2.6.0.jar"/>
    <property name="java.vm.specification.version" value="1.8"/>
    <property name="sun.arch.data.model" value="64"/>
    <property name="java.home" value="C:\Users\KevinTranHuu\scoop\apps\ojdkbuild8-full\current\jre"/>
    <property name="sun.java.command" value="org.codehaus.plexus.classworlds.launcher.Launcher clean package"/>
    <property name="java.specification.vendor" value="Oracle Corporation"/>
    <property name="user.language" value="en"/>
    <property name="awt.toolkit" value="sun.awt.windows.WToolkit"/>
    <property name="java.vm.info" value="mixed mode"/>
    <property name="java.version" value="1.8.0_282"/>
    <property name="java.ext.dirs" value="C:\Users\KevinTranHuu\scoop\apps\ojdkbuild8-full\current\jre\lib\ext;C:\WINDOWS\Sun\Java\lib\ext"/>
    <property name="sun.boot.class.path" value="C:\Users\KevinTranHuu\scoop\apps\ojdkbuild8-full\current\jre\lib\resources.jar;C:\Users\KevinTranHuu\scoop\apps\ojdkbuild8-full\current\jre\lib\rt.jar;C:\Users\KevinTranHuu\scoop\apps\ojdkbuild8-full\current\jre\lib\sunrsasign.jar;C:\Users\KevinTranHuu\scoop\apps\ojdkbuild8-full\current\jre\lib\jsse.jar;C:\Users\KevinTranHuu\scoop\apps\ojdkbuild8-full\current\jre\lib\jce.jar;C:\Users\KevinTranHuu\scoop\apps\ojdkbuild8-full\current\jre\lib\charsets.jar;C:\Users\KevinTranHuu\scoop\apps\ojdkbuild8-full\current\jre\lib\jfr.jar;C:\Users\KevinTranHuu\scoop\apps\ojdkbuild8-full\current\jre\classes"/>
    <property name="sun.stderr.encoding" value="cp437"/>
    <property name="java.vendor" value="ojdkbuild"/>
    <property name="maven.home" value="C:\Users\KevinTranHuu\scoop\apps\maven\current"/>
    <property name="file.separator" value="\"/>
    <property name="java.vendor.url.bug" value="https://github.com/ojdkbuild/ojdkbuild/issues"/>
    <property name="sun.cpu.endian" value="little"/>
    <property name="sun.io.unicode.encoding" value="UnicodeLittle"/>
    <property name="sun.stdout.encoding" value="cp437"/>
    <property name="sun.desktop" value="windows"/>
    <property name="sun.cpu.isalist" value="amd64"/>
  </properties>
  <testcase classname="com.revature.AppTest" name="shouldAnswerWithTrue" time="0.004"/>
</testsuite>